[    0.000000] Initializing cgroup subsys cpuset
[    0.000000] Initializing cgroup subsys cpu
[    0.000000] Initializing cgroup subsys cpuacct
[    0.000000] Linux version 4.4.0-47-generic (buildd@lcy01-03) (gcc version 5.4.0 20160609 (Ubuntu 5.4.0-6ubuntu1~16.04.2) ) #68-Ubuntu SMP Wed Oct 26 19:39:52 UTC 2016 (Ubuntu 4.4.0-47.68-generic 4.4.24)
[    0.000000] Command line: BOOT_IMAGE=/boot/vmlinuz-4.4.0-47-generic root=LABEL=cloudimg-rootfs ro console=tty1 console=ttyS0
[    0.000000] KERNEL supported cpus:
[    0.000000]   Intel GenuineIntel
[    0.000000]   AMD AuthenticAMD
[    0.000000]   Centaur CentaurHauls
[    0.000000] x86/fpu: xstate_offset[2]:  576, xstate_sizes[2]:  256
[    0.000000] x86/fpu: Supporting XSAVE feature 0x01: 'x87 floating point registers'
[    0.000000] x86/fpu: Supporting XSAVE feature 0x02: 'SSE registers'
[    0.000000] x86/fpu: Supporting XSAVE feature 0x04: 'AVX registers'
[    0.000000] x86/fpu: Enabled xstate features 0x7, context size is 832 bytes, using 'standard' format.
[    0.000000] x86/fpu: Using 'lazy' FPU context switches.
[    0.000000] e820: BIOS-provided physical RAM map:
[    0.000000] BIOS-e820: [mem 0x0000000000000000-0x000000000009fbff] usable
[    0.000000] BIOS-e820: [mem 0x000000000009fc00-0x000000000009ffff] reserved
[    0.000000] BIOS-e820: [mem 0x00000000000f0000-0x00000000000fffff] reserved
[    0.000000] BIOS-e820: [mem 0x0000000000100000-0x000000007ffeffff] usable
[    0.000000] BIOS-e820: [mem 0x000000007fff0000-0x000000007fffffff] ACPI data
[    0.000000] BIOS-e820: [mem 0x00000000fffc0000-0x00000000ffffffff] reserved
[    0.000000] NX (Execute Disable) protection: active
[    0.000000] SMBIOS 2.5 present.
[    0.000000] Hypervisor detected: KVM
[    0.000000] e820: last_pfn = 0x7fff0 max_arch_pfn = 0x400000000
[    0.000000] MTRR: Disabled
[    0.000000] x86/PAT: MTRRs disabled, skipping PAT initialization too.
[    0.000000] x86/PAT: Configuration [0-7]: WB  WT  UC- UC  WB  WT  UC- UC  
[    0.000000] CPU MTRRs all blank - virtualized system.
[    0.000000] found SMP MP-table at [mem 0x0009fff0-0x0009ffff] mapped at [ffff88000009fff0]
[    0.000000] Scanning 1 areas for low memory corruption
[    0.000000] RAMDISK: [mem 0x36fcc000-0x377ddfff]
[    0.000000] ACPI: Early table checksum verification disabled
[    0.000000] ACPI: RSDP 0x00000000000E0000 000024 (v02 VBOX  )
[    0.000000] ACPI: XSDT 0x000000007FFF0030 00003C (v01 VBOX   VBOXXSDT 00000001 ASL  00000061)
[    0.000000] ACPI: FACP 0x000000007FFF00F0 0000F4 (v04 VBOX   VBOXFACP 00000001 ASL  00000061)
[    0.000000] ACPI: DSDT 0x000000007FFF0470 001BF1 (v01 VBOX   VBOXBIOS 00000002 INTL 20100528)
[    0.000000] ACPI: FACS 0x000000007FFF0200 000040
[    0.000000] ACPI: FACS 0x000000007FFF0200 000040
[    0.000000] ACPI: APIC 0x000000007FFF0240 000054 (v02 VBOX   VBOXAPIC 00000001 ASL  00000061)
[    0.000000] ACPI: SSDT 0x000000007FFF02A0 0001CC (v01 VBOX   VBOXCPUT 00000002 INTL 20100528)
[    0.000000] No NUMA configuration found
[    0.000000] Faking a node at [mem 0x0000000000000000-0x000000007ffeffff]
[    0.000000] NODE_DATA(0) allocated [mem 0x7ffeb000-0x7ffeffff]
[    0.000000] kvm-clock: Using msrs 4b564d01 and 4b564d00
[    0.000000] kvm-clock: cpu 0, msr 0:7ffe7001, primary cpu clock
[    0.000000] kvm-clock: using sched offset of 3276303637 cycles
[    0.000000] clocksource: kvm-clock: mask: 0xffffffffffffffff max_cycles: 0x1cd42e4dffb, max_idle_ns: 881590591483 ns
[    0.000000] Zone ranges:
[    0.000000]   DMA      [mem 0x0000000000001000-0x0000000000ffffff]
[    0.000000]   DMA32    [mem 0x0000000001000000-0x000000007ffeffff]
[    0.000000]   Normal   empty
[    0.000000]   Device   empty
[    0.000000] Movable zone start for each node
[    0.000000] Early memory node ranges
[    0.000000]   node   0: [mem 0x0000000000001000-0x000000000009efff]
[    0.000000]   node   0: [mem 0x0000000000100000-0x000000007ffeffff]
[    0.000000] Initmem setup node 0 [mem 0x0000000000001000-0x000000007ffeffff]
[    0.000000] ACPI: PM-Timer IO Port: 0x4008
[    0.000000] IOAPIC[0]: apic_id 1, version 17, address 0xfec00000, GSI 0-23
[    0.000000] ACPI: INT_SRC_OVR (bus 0 bus_irq 0 global_irq 2 dfl dfl)
[    0.000000] ACPI: INT_SRC_OVR (bus 0 bus_irq 9 global_irq 9 high level)
[    0.000000] Using ACPI (MADT) for SMP configuration information
[    0.000000] smpboot: Allowing 1 CPUs, 0 hotplug CPUs
[    0.000000] PM: Registered nosave memory: [mem 0x00000000-0x00000fff]
[    0.000000] PM: Registered nosave memory: [mem 0x0009f000-0x0009ffff]
[    0.000000] PM: Registered nosave memory: [mem 0x000a0000-0x000effff]
[    0.000000] PM: Registered nosave memory: [mem 0x000f0000-0x000fffff]
[    0.000000] e820: [mem 0x80000000-0xfffbffff] available for PCI devices
[    0.000000] Booting paravirtualized kernel on KVM
[    0.000000] clocksource: refined-jiffies: mask: 0xffffffff max_cycles: 0xffffffff, max_idle_ns: 7645519600211568 ns
[    0.000000] setup_percpu: NR_CPUS:256 nr_cpumask_bits:256 nr_cpu_ids:1 nr_node_ids:1
[    0.000000] PERCPU: Embedded 33 pages/cpu @ffff88007fc00000 s98008 r8192 d28968 u2097152
[    0.000000] PV qspinlock hash table entries: 256 (order: 0, 4096 bytes)
[    0.000000] Built 1 zonelists in Node order, mobility grouping on.  Total pages: 515961
[    0.000000] Policy zone: DMA32
[    0.000000] Kernel command line: BOOT_IMAGE=/boot/vmlinuz-4.4.0-47-generic root=LABEL=cloudimg-rootfs ro console=tty1 console=ttyS0
[    0.000000] PID hash table entries: 4096 (order: 3, 32768 bytes)
[    0.000000] Memory: 2036692K/2096696K available (8423K kernel code, 1285K rwdata, 3952K rodata, 1480K init, 1292K bss, 60004K reserved, 0K cma-reserved)
[    0.000000] SLUB: HWalign=64, Order=0-3, MinObjects=0, CPUs=1, Nodes=1
[    0.000000] Hierarchical RCU implementation.
[    0.000000] 	Build-time adjustment of leaf fanout to 64.
[    0.000000] 	RCU restricting CPUs from NR_CPUS=256 to nr_cpu_ids=1.
[    0.000000] RCU: Adjusting geometry for rcu_fanout_leaf=64, nr_cpu_ids=1
[    0.000000] NR_IRQS:16640 nr_irqs:256 16
[    0.000000] Console: colour VGA+ 80x25
[    0.000000] console [tty1] enabled
[    0.000000] console [ttyS0] enabled
[    0.000000] tsc: Detected 3292.540 MHz processor
[    4.533032] Calibrating delay loop (skipped) preset value.. 6585.08 BogoMIPS (lpj=13170160)
[    4.534546] pid_max: default: 32768 minimum: 301
[    4.543974] ACPI: Core revision 20150930
[    4.545403] ACPI: 2 ACPI AML tables successfully acquired and loaded
[    4.553022] Security Framework initialized
[    4.553803] Yama: becoming mindful.
[    4.557075] AppArmor: AppArmor initialized
[    4.593312] Dentry cache hash table entries: 262144 (order: 9, 2097152 bytes)
[    4.757997] Inode-cache hash table entries: 131072 (order: 8, 1048576 bytes)
[    4.976652] Mount-cache hash table entries: 4096 (order: 3, 32768 bytes)
[    5.173859] Mountpoint-cache hash table entries: 4096 (order: 3, 32768 bytes)
[    5.390545] Initializing cgroup subsys io
[    5.516111] Initializing cgroup subsys memory
[    5.604057] Initializing cgroup subsys devices
[    5.604877] Initializing cgroup subsys freezer
[    5.605675] Initializing cgroup subsys net_cls
[    5.607753] Initializing cgroup subsys perf_event
[    5.608651] Initializing cgroup subsys net_prio
[    5.644189] Initializing cgroup subsys hugetlb
[    5.645014] Initializing cgroup subsys pids
[    5.645853] CPU: Physical Processor ID: 0
[    5.646875] mce: CPU supports 0 MCE banks
[    5.647623] process: using mwait in idle threads
[    5.648456] Last level iTLB entries: 4KB 512, 2MB 8, 4MB 8
[    5.649372] Last level dTLB entries: 4KB 512, 2MB 32, 4MB 32, 1GB 0
[    5.666288] Freeing SMP alternatives memory: 32K (ffffffff820b5000 - ffffffff820bd000)
[    5.686896] ftrace: allocating 32047 entries in 126 pages
[    5.872160] smpboot: Max logical packages: 1
[    6.005168] smpboot: APIC(0) Converting physical 0 to logical package 0
[    6.201292] ..TIMER: vector=0x30 apic1=0 pin1=2 apic2=-1 pin2=-1
[    6.463953] smpboot: CPU0: Intel(R) Core(TM) i5-3550 CPU @ 3.30GHz (family: 0x6, model: 0x3a, stepping: 0x9)
[    6.681218] Performance Events: unsupported p6 CPU model 58 no PMU driver, software events only.
[    6.692230] KVM setup paravirtual spinlock
[    6.693718] x86: Booted up 1 node, 1 CPUs
[    6.694574] smpboot: Total of 1 processors activated (6585.08 BogoMIPS)
[    6.695889] devtmpfs: initialized
[    6.698232] evm: security.selinux
[    6.700293] evm: security.SMACK64
[    6.701167] evm: security.SMACK64EXEC
[    6.702989] evm: security.SMACK64TRANSMUTE
[    6.703735] evm: security.SMACK64MMAP
[    6.704429] evm: security.ima
[    6.705063] evm: security.capability
[    6.714602] clocksource: jiffies: mask: 0xffffffff max_cycles: 0xffffffff, max_idle_ns: 7645041785100000 ns
[    6.730779] pinctrl core: initialized pinctrl subsystem
[    6.731822] RTC time: 15:00:38, date: 12/01/16
[    6.732746] NET: Registered protocol family 16
[    6.733674] cpuidle: using governor ladder
[    6.734421] cpuidle: using governor menu
[    6.735140] PCCT header not found.
[    6.736901] ACPI: bus type PCI registered
[    6.737638] acpiphp: ACPI Hot Plug PCI Controller Driver version: 0.5
[    6.765684] PCI: Using configuration type 1 for base access
[    6.775109] ACPI: Added _OSI(Module Device)
[    6.775869] ACPI: Added _OSI(Processor Device)
[    6.839793] ACPI: Added _OSI(3.0 _SCP Extensions)
[    6.905793] ACPI: Added _OSI(Processor Aggregator Device)
[    6.972823] ACPI: Executed 1 blocks of module-level executable AML code
[    7.079406] ACPI: Interpreter enabled
[    7.181798] ACPI: (supports S0 S5)
[    7.260351] ACPI: Using IOAPIC for interrupt routing
[    7.353513] PCI: Using host bridge windows from ACPI; if necessary, use "pci=nocrs" and report a bug
[    7.546087] ACPI: PCI Root Bridge [PCI0] (domain 0000 [bus 00-ff])
[    7.622715] acpi PNP0A03:00: _OSC: OS supports [ASPM ClockPM Segments MSI]
[    7.623833] acpi PNP0A03:00: _OSC failed (AE_NOT_FOUND); disabling ASPM
[    7.624914] acpi PNP0A03:00: fail to add MMCONFIG information, can't access extended PCI configuration space under this bridge.
[    7.628338] PCI host bridge to bus 0000:00
[    7.629092] pci_bus 0000:00: root bus resource [io  0x0000-0x0cf7 window]
[    7.685938] pci_bus 0000:00: root bus resource [io  0x0d00-0xffff window]
[    7.740822] pci_bus 0000:00: root bus resource [mem 0x000a0000-0x000bffff window]
[    7.777855] pci_bus 0000:00: root bus resource [mem 0x80000000-0xffdfffff window]
[    7.782374] pci_bus 0000:00: root bus resource [bus 00-ff]
[    7.811860] pci 0000:00:01.1: legacy IDE quirk: reg 0x10: [io  0x01f0-0x01f7]
[    7.820132] pci 0000:00:01.1: legacy IDE quirk: reg 0x14: [io  0x03f6]
[    7.829719] pci 0000:00:01.1: legacy IDE quirk: reg 0x18: [io  0x0170-0x0177]
[    7.848286] pci 0000:00:01.1: legacy IDE quirk: reg 0x1c: [io  0x0376]
[    7.886199] ACPI: PCI Interrupt Link [LNKA] (IRQs 5 9 10 11) *0, disabled.
[    7.997102] ACPI: PCI Interrupt Link [LNKB] (IRQs 5 9 10 *11)
[    8.052851] ACPI: PCI Interrupt Link [LNKC] (IRQs 5 9 *10 11)
[    8.054261] ACPI: PCI Interrupt Link [LNKD] (IRQs 5 *9 10 11)
[    8.055710] ACPI: Enabled 2 GPEs in block 00 to 07
[    8.056811] vgaarb: setting as boot device: PCI:0000:00:02.0
[    8.057763] vgaarb: device added: PCI:0000:00:02.0,decodes=io+mem,owns=io+mem,locks=none
[    8.059201] vgaarb: loaded
[    8.085861] vgaarb: bridge control possible 0000:00:02.0
[    8.100654] SCSI subsystem initialized
[    8.110516] ACPI: bus type USB registered
[    8.112767] usbcore: registered new interface driver usbfs
[    8.113690] usbcore: registered new interface driver hub
[    8.119931] usbcore: registered new device driver usb
[    8.121160] PCI: Using ACPI for IRQ routing
[    8.122202] NetLabel: Initializing
[    8.122863] NetLabel:  domain hash size = 128
[    8.123687] NetLabel:  protocols = UNLABELED CIPSOv4
[    8.124534] NetLabel:  unlabeled traffic allowed by default
[    8.125623] amd_nb: Cannot enumerate AMD northbridges
[    8.138822] clocksource: Switched to clocksource kvm-clock
[    8.228005] AppArmor: AppArmor Filesystem Enabled
[    8.235453] pnp: PnP ACPI init
[    8.236729] pnp: PnP ACPI: found 4 devices
[    8.243177] clocksource: acpi_pm: mask: 0xffffff max_cycles: 0xffffff, max_idle_ns: 2085701024 ns
[    8.244773] NET: Registered protocol family 2
[    8.245678] TCP established hash table entries: 16384 (order: 5, 131072 bytes)
[    8.247034] TCP bind hash table entries: 16384 (order: 6, 262144 bytes)
[    8.249196] TCP: Hash tables configured (established 16384 bind 16384)
[    8.250260] UDP hash table entries: 1024 (order: 3, 32768 bytes)
[    8.271474] UDP-Lite hash table entries: 1024 (order: 3, 32768 bytes)
[    8.272614] NET: Registered protocol family 1
[    8.273424] pci 0000:00:00.0: Limiting direct PCI/PCI transfers
[    8.274427] pci 0000:00:01.0: Activating ISA DMA hang workarounds
[    8.275569] Trying to unpack rootfs image as initramfs...
[    9.425552] Freeing initrd memory: 8264K (ffff880036fcc000 - ffff8800377de000)
[    9.528984] RAPL PMU detected, API unit is 2^-32 Joules, 3 fixed counters 10737418240 ms ovfl timer
[    9.586622] hw unit of domain pp0-core 2^-0 Joules
[    9.587487] hw unit of domain package 2^-0 Joules
[    9.588315] hw unit of domain pp1-gpu 2^-0 Joules
[    9.589238] platform rtc_cmos: registered platform RTC device (no PNP device found)
[    9.590635] Scanning for low memory corruption every 60 seconds
[    9.591908] futex hash table entries: 256 (order: 2, 16384 bytes)
[    9.592948] audit: initializing netlink subsys (disabled)
[    9.593878] audit: type=2000 audit(1480604437.656:1): initialized
[    9.595080] Initialise system trusted keyring
[    9.595964] HugeTLB registered 2 MB page size, pre-allocated 0 pages
[    9.598071] zbud: loaded
[    9.598776] VFS: Disk quotas dquot_6.6.0
[    9.599548] VFS: Dquot-cache hash table entries: 512 (order 0, 4096 bytes)
[    9.602824] squashfs: version 4.0 (2009/01/31) Phillip Lougher
[    9.603993] fuse init (API version 7.23)
[    9.604810] Key type big_key registered
[    9.612170] Allocating IMA MOK and blacklist keyrings.
[    9.613199] Key type asymmetric registered
[    9.613957] Asymmetric key parser 'x509' registered
[    9.614846] Block layer SCSI generic (bsg) driver version 0.4 loaded (major 249)
[    9.616221] io scheduler noop registered
[    9.616970] io scheduler deadline registered (default)
[    9.617866] io scheduler cfq registered
[    9.618644] pci_hotplug: PCI Hot Plug PCI Core version: 0.5
[    9.619612] pciehp: PCI Express Hot Plug Controller Driver version: 0.4
[    9.622771] ACPI: AC Adapter [AC] (on-line)
[    9.623612] input: Power Button as /devices/LNXSYSTM:00/LNXPWRBN:00/input/input0
[    9.624963] ACPI: Power Button [PWRF]
[    9.625696] input: Sleep Button as /devices/LNXSYSTM:00/LNXSLPBN:00/input/input1
[    9.627006] ACPI: Sleep Button [SLPF]
[    9.627778] GHES: HEST is not enabled!
[    9.628526] Serial: 8250/16550 driver, 32 ports, IRQ sharing enabled
[    9.651560] 00:03: ttyS0 at I/O 0x3f8 (irq = 4, base_baud = 115200) is a 16550A
[    9.756697] Linux agpgart interface v0.103
[    9.758969] brd: module loaded
[    9.760235] loop: module loaded
[    9.761493] scsi host0: ata_piix
[    9.775158] scsi host1: ata_piix
[    9.862625] ata1: PATA max UDMA/33 cmd 0x1f0 ctl 0x3f6 bmdma 0xd000 irq 14
[    9.974033] ata2: PATA max UDMA/33 cmd 0x170 ctl 0x376 bmdma 0xd008 irq 15
[    9.980218] libphy: Fixed MDIO Bus: probed
[    9.981156] tun: Universal TUN/TAP device driver, 1.6
[    9.982014] tun: (C) 1999-2004 Max Krasnyansky <maxk@qualcomm.com>
[    9.992658] PPP generic driver version 2.4.2
[    9.993481] ehci_hcd: USB 2.0 'Enhanced' Host Controller (EHCI) Driver
[    9.994529] ehci-pci: EHCI PCI platform driver
[    9.995365] ehci-platform: EHCI generic platform driver
[    9.996259] ohci_hcd: USB 1.1 'Open' Host Controller (OHCI) Driver
[    9.997260] ohci-pci: OHCI PCI platform driver
[    9.998053] ohci-platform: OHCI generic platform driver
[    9.998939] uhci_hcd: USB Universal Host Controller Interface driver
[   10.006307] i8042: PNP: PS/2 Controller [PNP0303:PS2K,PNP0f03:PS2M] at 0x60,0x64 irq 1,12
[   10.008192] serio: i8042 KBD port at 0x60,0x64 irq 1
[   10.009049] serio: i8042 AUX port at 0x60,0x64 irq 12
[   10.010007] mousedev: PS/2 mouse device common for all mice
[   10.014476] input: AT Translated Set 2 keyboard as /devices/platform/i8042/serio0/input/input2
[   10.016328] rtc_cmos rtc_cmos: rtc core: registered rtc_cmos as rtc0
[   10.019371] rtc_cmos rtc_cmos: alarms up to one day, 114 bytes nvram
[   10.028800] i2c /dev entries driver
[   10.029523] device-mapper: uevent: version 1.0.3
[   10.030401] device-mapper: ioctl: 4.34.0-ioctl (2015-10-28) initialised: dm-devel@redhat.com
[   10.032042] ledtrig-cpu: registered to indicate activity on CPUs
[   10.033265] NET: Registered protocol family 10
[   10.034176] NET: Registered protocol family 17
[   10.034994] Key type dns_resolver registered
[   10.035905] microcode: CPU0 sig=0x306a9, pf=0x2, revision=0x19
[   10.036894] microcode: Microcode Update Driver: v2.01 <tigran@aivazian.fsnet.co.uk>, Peter Oruba
[   10.038507] registered taskstats version 1
[   10.039309] Loading compiled-in X.509 certificates
[   10.040736] Loaded X.509 cert 'Build time autogenerated kernel key: f7bc719d96df7c6d6fed8f4b9fd5d4ff001383c8'
[   10.042426] zswap: loaded using pool lzo/zbud
[   10.044281] Key type trusted registered
[   10.046734] Key type encrypted registered
[   10.047525] AppArmor: AppArmor sha1 policy hashing enabled
[   10.048452] ima: No TPM chip found, activating TPM-bypass!
[   10.049388] evm: HMAC attrs: 0x1
[   10.050208]   Magic number: 12:662:31
[   10.051187] rtc_cmos rtc_cmos: setting system clock to 2016-12-01 15:00:41 UTC (1480604441)
[   10.054179] BIOS EDD facility v0.16 2004-Jun-25, 0 devices found
[   10.055203] EDD information not available.
[   10.149131] Freeing unused kernel memory: 1480K (ffffffff81f43000 - ffffffff820b5000)
[   10.341991] Write protecting the kernel read-only data: 14336k
[   10.524096] Freeing unused kernel memory: 1804K (ffff88000183d000 - ffff880001a00000)
[   10.743580] tsc: Refined TSC clocksource calibration: 3294.001 MHz
[   10.913812] clocksource: tsc: mask: 0xffffffffffffffff max_cycles: 0x2f7b28f7010, max_idle_ns: 440795209134 ns
[   11.077160] Freeing unused kernel memory: 144K (ffff880001ddc000 - ffff880001e00000)
Loading, please wait...
starting version[   11.098174] random: udevadm: uninitialized urandom read (16 bytes read, 3 bits of entropy available)
 229
[   11.110616] random: systemd-udevd: uninitialized urandom read (16 bytes read, 3 bits of entropy available)
[   11.112739] random: systemd-udevd: uninitialized urandom read (16 bytes read, 3 bits of entropy available)
[   11.341619] random: udevadm: uninitialized urandom read (16 bytes read, 3 bits of entropy available)
[   11.578719] random: systemd-udevd: uninitialized urandom read (16 bytes read, 3 bits of entropy available)
[   11.640545] random: udevadm: uninitialized urandom read (16 bytes read, 3 bits of entropy available)
[   11.642271] random: udevadm: uninitialized urandom read (16 bytes read, 3 bits of entropy available)
[   11.814342] random: systemd-udevd: uninitialized urandom read (16 bytes read, 3 bits of entropy available)
[   11.818649] random: udevadm: uninitialized urandom read (16 bytes read, 3 bits of entropy available)
[   11.821805] random: udevadm: uninitialized urandom read (16 bytes read, 3 bits of entropy available)
[   11.979014] e1000: Intel(R) PRO/1000 Network Driver - version 7.3.21-k8-NAPI
[   12.126546] e1000: Copyright (c) 1999-2006 Intel Corporation.
[   12.158068] Fusion MPT base driver 3.04.20
[   12.167946] Copyright (c) 1999-2008 LSI Corporation
[   12.205448] AVX version of gcm_enc/dec engaged.
[   12.327440] AES CTR mode by8 optimization enabled
[   12.467238] input: ImExPS/2 Generic Explorer Mouse as /devices/platform/i8042/serio1/input/input4
[   12.765907] Fusion MPT SPI Host driver 3.04.20
[   12.849376] mptbase: ioc0: Initiating bringup
[   13.031196] ioc0: LSI53C1030 A0: Capabilities={Initiator}
[   13.291930] scsi host2: ioc0: LSI53C1030 A0, FwRev=00000000h, Ports=1, MaxQ=256, IRQ=20
[   13.404461] scsi 2:0:0:0: Direct-Access     VBOX     HARDDISK         1.0  PQ: 0 ANSI: 5
[   13.432274] scsi target2:0:0: Beginning Domain Validation
[   13.435475] scsi target2:0:0: Domain Validation skipping write tests
[   13.436580] scsi target2:0:0: Ending Domain Validation
[   13.437550] scsi target2:0:0: asynchronous
[   13.438617] scsi 2:0:1:0: Direct-Access     VBOX     HARDDISK         1.0  PQ: 0 ANSI: 5
[   13.440222] scsi target2:0:1: Beginning Domain Validation
[   13.442049] scsi target2:0:1: Domain Validation skipping write tests
[   13.443161] scsi target2:0:1: Ending Domain Validation
[   13.453282] scsi target2:0:1: asynchronous
[   13.627309] sd 2:0:0:0: Attached scsi generic sg0 type 0
[   13.647791] sd 2:0:0:0: [sda] 20971520 512-byte logical blocks: (10.7 GB/10.0 GiB)
[   13.679541] sd 2:0:1:0: Attached scsi generic sg1 type 0
[   13.712805] sd 2:0:1:0: [sdb] 20480 512-byte logical blocks: (10.5 MB/10.0 MiB)
[   13.714187] sd 2:0:0:0: [sda] Write Protect is off
[   13.715158] sd 2:0:0:0: [sda] Incomplete mode parameter data
[   13.726688] sd 2:0:0:0: [sda] Assuming drive cache: write through
[   13.727746] sd 2:0:1:0: [sdb] Write Protect is off
[   13.729199] sd 2:0:1:0: [sdb] Incomplete mode parameter data
[   13.730151] sd 2:0:1:0: [sdb] Assuming drive cache: write through
[   13.790956]  sda: sda1
[   13.806149] sd 2:0:0:0: [sda] Attached SCSI disk
[   13.814624] sd 2:0:1:0: [sdb] Attached SCSI disk
[   13.960542] e1000 0000:00:03.0 eth0: (PCI:33MHz:32-bit) 02:d0:b0:43:c2:9f
[   13.981086] e1000 0000:00:03.0 eth0: Intel(R) PRO/1000 Network Connection
[   13.983709] e1000 0000:00:03.0 enp0s3: renamed from eth0
[   15.728127] floppy0: no floppy controllers found
Begin: Loading e[   17.176120] md: linear personality registered for level -1
ssential drivers[   17.359070] md: multipath personality registered for level -4
 ... [   17.440896] md: raid0 personality registered for level 0
[   17.491130] md: raid1 personality registered for level 1
[   17.567203] raid6: sse2x1   gen()  8908 MB/s
[   17.659240] raid6: sse2x1   xor()  7216 MB/s
[   17.731233] raid6: sse2x2   gen() 10912 MB/s
[   17.799225] raid6: sse2x2   xor()  8155 MB/s
[   17.867250] raid6: sse2x4   gen() 13462 MB/s
[   18.003275] raid6: sse2x4   xor()  9667 MB/s
[   18.040965] raid6: using algorithm sse2x4 gen() 13462 MB/s
[   18.055384] raid6: .... xor() 9667 MB/s, rmw enabled
[   18.091023] raid6: using ssse3x2 recovery algorithm
[   18.106890] xor: automatically using best checksumming function:
[   18.175290]    avx       : 18952.000 MB/sec
[   18.219802] async_tx: api initialized (async)
[   18.238912] md: raid6 personality registered for level 6
[   18.253704] md: raid5 personality registered for level 5
[   18.254655] md: raid4 personality registered for level 4
[   18.309935] md: raid10 personality registered for level 10
done.
Begin: Running /scripts/init-premount ... done.
Begin: Mounting root file system ... Begin: Running /scripts/local-top ... done.
Begin: Running /scripts/local-premount ... [   18.351070] Btrfs loaded
Scanning for Btrfs filesystems
done.
Warning: fsck no[   18.440189] EXT4-fs (sda1): INFO: recovery required on readonly filesystem
t present, so sk[   18.443185] EXT4-fs (sda1): write access will be enabled during recovery
ipping root file system
[   18.945105] random: nonblocking pool is initialized
[   19.476364] EXT4-fs (sda1): recovery complete
[   19.541239] EXT4-fs (sda1): mounted filesystem with ordered data mode. Opts: (null)
done.
Begin: Running /scripts/local-bottom ... done.
Begin: Running /scripts/init-bottom ... Warning: overlayroot: debug is busted
done.
[   23.262863] systemd[1]: systemd 229 running in system mode. (+PAM +AUDIT +SELINUX +IMA +APPARMOR +SMACK +SYSVINIT +UTMP +LIBCRYPTSETUP +GCRYPT +GNUTLS +ACL +XZ -LZ4 +SECCOMP +BLKID +ELFUTILS +KMOD -IDN)
[   23.287867] systemd[1]: Detected virtualization oracle.
[   23.302997] systemd[1]: Detected architecture x86-64.

Welcome to [1mUbuntu 16.04.1 LTS[0m!

[   23.363179] systemd[1]: Set hostname to <experteese2>.
[   24.205224] systemd[1]: Listening on Journal Socket (/dev/log).
[[0;32m  OK  [0m] Listening on Journal Socket (/dev/log).
[   24.236634] systemd[1]: Listening on /dev/initctl Compatibility Named Pipe.
[[0;32m  OK  [0m] Listening on /dev/initctl Compatibility Named Pipe.
[   24.239452] systemd[1]: Listening on udev Control Socket.
[[0;32m  OK  [0m] Listening on udev Control Socket.
[   24.241988] systemd[1]: Reached target User and Group Name Lookups.
[[0;32m  OK  [0m] Reached target User and Group Name Lookups.
[   24.267850] systemd[1]: Listening on Journal Audit Socket.
[[0;32m  OK  [0m] Listening on Journal Audit Socket.
[   24.278788] systemd[1]: Created slice User and Session Slice.
[[0;32m  OK  [0m] Created slice User and Session Slice.
[   24.289829] systemd[1]: Created slice System Slice.
[[0;32m  OK  [0m] Created slice System Slice.
[   24.355321] systemd[1]: Reached target Swap.
[[0;32m  OK  [0m] Reached target Swap.
[   24.357661] systemd[1]: Listening on LVM2 metadata daemon socket.
[[0;32m  OK  [0m] Listening on LVM2 metadata daemon socket.
[   24.360640] systemd[1]: Created slice system-serial\x2dgetty.slice.
[[0;32m  OK  [0m] Created slice system-serial\x2dgetty.slice.
[   24.363528] systemd[1]: Listening on udev Kernel Socket.
[[0;32m  OK  [0m] Listening on udev Kernel Socket.
[   24.367570] systemd[1]: Listening on Syslog Socket.
[[0;32m  OK  [0m] Listening on Syslog Socket.
[   24.379318] systemd[1]: Listening on Device-mapper event daemon FIFOs.
[[0;32m  OK  [0m] Listening on Device-mapper event daemon FIFOs.
[   24.383592] systemd[1]: Listening on Journal Socket.
[[0;32m  OK  [0m] Listening on Journal Socket.
[   24.386821] systemd[1]: Starting Nameserver information manager...
         Starting Nameserver information manager...
[   24.403212] systemd[1]: Starting Create list of required static device nodes for the current kernel...
         Starting Create list of required st... nodes for the current kernel...
[   24.409030] systemd[1]: Starting Remount Root and Kernel File Systems...
         Starting Remount Root and Kernel File Systems...
[   24.415644] systemd[1]: Mounting Debug File System...
         Mounting Debug File System...
[   24.428063] systemd[1]: Mounting POSIX Message Queue File System...
         Mounting POSIX Message Queue File System...
[   24.447532] systemd[1]: Starting Monitoring of LVM2 mirrors, snapshots etc. using dmeventd or progress polling...
         Starting Monitoring of LVM2 mirrors... dmeventd or progress polling...
[   24.480915] systemd[1]: Starting Journal Service...
         Starting Journal Service...
[   24.484328] systemd[1]: Starting Set console keymap...
         Starting Set console keymap...
[   24.578769] systemd[1]: Starting Load Kernel Modules...
         [   24.616092] EXT4-fs (sda1): re-mounted. Opts: (null)
Starting Load Kernel Modules...
[   24.781920] systemd[1]: Set up automount Arbitrary Executable File Formats File System Automount Point.
[[0;32m  OK  [0m] Set up automount Arbitrary Executab...ats File System Automount Point.
[   24.939375] systemd[1]: Listening on LVM2 poll daemon socket.
[[0;32m  OK  [0m] Listening on LVM2 poll daemon socket.
[   25.015918] systemd[1]: Starting Uncomplicated firewall...
         Starting Uncomplicated firewall...
[   25.018072] systemd[1]: Started Forward Password Requests to Wall Directory Watch.
[[0;32m  OK  [0m] Started Forward Password Requests to Wall Directory Watch.
[   25.022009] systemd[1]: Mounting Huge Pages File System...
         Mounting Huge Pages File System...
[   25.025610] systemd[1]: Reached target Encrypted Volumes.
[[0;32m  OK  [0m] Reached target Encrypted Volumes.
[   25.028706] systemd[1]: Created slice system-postgresql.slice.
[[0;32m  OK  [0m] Created slice system-postgresql.slice.
[   25.031758] systemd[1]: Reached target Slices.
[[0;32m  OK  [0m] Reached target Slices.
[   25.056735] systemd[1]: Mounted Debug File System.
[[0;32m  OK  [0m] Mounted Debug File System.
[   25.225196] Loading iSCSI transport class v2.0-870.
[   25.382261] systemd[1]: Mounted Huge Pages File System.
[[0;32m  OK  [0m] Mounted Huge Pages File System.
[   25.467225] systemd[1]: Mounted POSIX Message Queue File System.
[[0;32m  OK  [0m] Mounted POSIX Message Queue File System.
[   25.471844] systemd[1]: Started Create list of required static device nodes for the current kernel.
[[0;32m  OK  [0m] Started Create list of required sta...ce nodes for the current kernel.
[   25.476842] systemd[1]: Started Remount Root and Kernel File Systems.
[[0;32m  OK  [0m] Started Remount Root and Kernel File Systems.
[   25.484995] systemd[1]: Started Set console keymap.
[[0;32m  OK  [0m] Started Set console keymap.
[   25.487610] systemd[1]: Started Uncomplicated firewall.
[[0;32m  OK  [0m] Started Uncomplicated firewall.
[   25.512109] systemd[1]: Started Nameserver information manager.
[[0;32m  OK  [0[   25.525940] iscsi: registered transport (tcp)
m] Started Nameserver information manager.
[   25.577723] systemd[1]: Starting udev Coldplug all Devices...
         Starting udev Coldplug all Devices...
[   25.698298] systemd[1]: Starting Load/Save Random Seed...
         Starting Load/Save Random Seed...
[   25.702559] systemd[1]: Starting Create Static Device Nodes in /dev...
         Starting Create Static Device Nodes in /dev...
[   25.714784] systemd[1]: Started LVM2 metadata daemon.
[[0;32m  OK  [0m] Started LVM2 metadata daemon.
[   25.883340] systemd[1]: Started Journal Service.
[[0;32m  OK  [0m] Started Journal Service.
[[0;32m  OK  [0m] Started Load/Save Random Seed.
         Starting Flush Journal to Persistent Storage...
[[0;32m  OK  [0m] Started udev Coldplug all Devices.
[   26.137263] iscsi: registered transport (iser)
[[0;32m  OK  [0m] Started Load Kernel Modules.
         Mounting FUSE Control File System...
         Starting Apply Kernel Variables...
[[0;32m  OK  [0m] Mounted FUSE Control File System.
[   26.228553] systemd-journald[422]: Received request to flush runtime journal from PID 1
[[0;32m  OK  [0m] Started Flush Journal to Persistent Storage.
[[0;32m  OK  [0m] Started Apply Kernel Variables.
[[0;32m  OK  [0m] Started Create Static Device Nodes in /dev.
         Starting udev Kernel Device Manager...
[[0;32m  OK  [0m] Started Monitoring of LVM2 mirrors,...ng dmeventd or progress polling.
[[0;32m  OK  [0m] Started udev Kernel Device Manager.
[[0;32m  OK  [0m] Started Dispatch Password Requests to Console Directory Watch.
[[0;32m  OK  [0m] Reached target Local File Systems (Pre).
[[0;32m  OK  [0m] Reached target Local File Systems.
         Starting Set console font and keymap...
         Starting LSB: AppArmor initialization...
         Starting Tell Plymouth To Write Out Runtime Data...
         Starting Create Volatile Files and Directories...
         Starting Run snappy firstboot setup...
         Starting Initial cloud-init job (pre-networking)...
[[0;32m  OK  [0m] Started Tell Plymouth To Write Out Runtime Data.
[[0;32m  OK  [0m] Started Create Volatile Files and Directories.
[[0;32m  OK  [0m] Found device /dev/ttyS0.
[[0;32m  OK  [0m] Reached target System Time Synchronized.
         Starting Update UTMP about System Boot/Shutdown...
[[0;32m  OK  [0m] Started Update UTMP about System Boot/Shutdown.
[[0;32m  OK  [0m] Listening on Load/Save RF Kill Switch Status /dev/rfkill Watch.
[[0;32m  OK  [0m] Found device 82540EM Gigabit Ethern...r (PRO/1000 MT Desktop Adapter).
[[0;32m  OK  [0m] Started Set console font and keymap.
[[0;32m  OK  [0m] Created slice system-getty.slice.
[[0;32m  OK  [0m] Started Run snappy firstboot setup.
[[0;32m  OK  [0m] Started LSB: AppArmor initialization.
[[0;32m  OK  [0m] Reached target System Initialization.
[[0;32m  OK  [0m] Started Daily Cleanup of Temporary Directories.
         Starting Socket activation for snappy daemon.
[[0;32m  OK  [0m] Started Daily apt activities.
[[0;32m  OK  [0m] Listening on ACPID Listen Socket.
[[0;32m  OK  [0m] Started Trigger resolvconf update for networkd DNS.
[[0;32m  OK  [0m] Listening on D-Bus System Message Bus Socket.
         Starting LXD - unix socket.
[[0;32m  OK  [0m] Started ACPI Events Check.
[[0;32m  OK  [0m] Reached target Paths.
[[0;32m  OK  [0m] Listening on UUID daemon activation socket.
[[0;32m  OK  [0m] Started Timer to automatically refresh installed snaps.
[[0;32m  OK  [0m] Reached target Timers.
[[0;32m  OK  [0m] Listening on Socket activation for snappy daemon.
[[0;32m  OK  [0m] Listening on LXD - unix socket.
[[0;32m  OK  [0m] Reached target Sockets.
[[0;32m  OK  [0m] Reached target Basic System.
[[0;32m  OK  [0m] Started Regular background program processing daemon.
[[0;32m  OK  [0m] Started Snappy daemon.
[[0;32m  OK  [0m] Started D-Bus System Message Bus.
[[0;32m  OK  [0m] Started Deferred execution scheduler.
         Starting LXD - container startup/shutdown...
         Starting LSB: Record successful boot for GRUB...
[[0;32m  OK  [0m] Started ACPI event daemon.
         Starting LSB: MD monitoring daemon...
[[0;32m  OK  [0m] Started FUSE filesystem for LXC.
         Starting PostgreSQL Cluster 9.5-main...
         Starting System Logging Service...
         Starting Daily apt activities...
         Starting Login Service...
         Starting Accounts Service...
[[0;32m  OK  [0m] Started Login Service.
[[0;32m  OK  [0m] Started LSB: Record successful boot for GRUB.
[[0;32m  OK  [0m] Started System Logging Service.
[[0;32m  OK  [0m] Started LSB: MD monitoring daemon.
         Starting Authenticate and Authorize Users to Run Privileged Tasks...
[[0;32m  OK  [0m] Started Authenticate and Authorize Users to Run Privileged Tasks.
[[0;32m  OK  [0m] Started Accounts Service.
[[0;32m  OK  [0m] Started LXD - container startup/shutdown.
[   37.015634] cloud-init[548]: Cloud-init v. 0.7.8 running 'init-local' at Thu, 01 Dec 2016 15:01:13 +0000. Up 34.62 seconds.
[[0;32m  OK  [0m] Started Initial cloud-init job (pre-networking).
[[0;32m  OK  [0m] Reached target Network (Pre).
[[0;32m  OK  [0m] Started ifup for enp0s3.
         Starting Raise network interfaces...
[[0;32m  OK  [0m] Started PostgreSQL Cluster 9.5-main.
         Starting PostgreSQL RDBMS...
[[0;32m  OK  [0m] Started PostgreSQL RDBMS.
[[0;32m  OK  [0m] Started Raise network interfaces.
         Starting Initial cloud-init job (metadata service crawler)...
[[0;32m  OK  [0m] Reached target Network.
[   38.721664] cloud-init[1143]: Cloud-init v. 0.7.8 running 'init' at Thu, 01 Dec 2016 15:01:17 +0000. Up 38.04 seconds.
[[0;32m  OK  [0m] [   38.800296] cloud-init[1143]: ci-info: +++++++++++++++++++++++++++++++++++++Net device info++++++++++++++++++++++++++++++++++++++
[   38.802124] cloud-init[1143]: ci-info: +--------+------+----------------------------+---------------+-------+-------------------+
[   38.803943] Started Initial cloud-init job (metadata service crawler).
[[0;32m  OK  [0m] Reached target Network is Online.
cloud-init[1143]: ci-info: | Device |  Up  |          Address           |      Mask     | Scope |     Hw-Address    |
[   38.833987] cloud-init[1143]: ci-info: +--------+------+----------------------------+---------------+-------+-------------------+
[   38.836279] cloud-init[1143]: ci-info: |   lo   | True |         127.0.0.1          |   255.0.0.0   |   .   |         .         |
         Starting OpenBSD Secure Shell server...
         Starting /etc/rc.local Compatibility...
         Starting iSCSI initiator daemon (iscsid)...
[[0;32m  OK  [0m] Reached target Cloud-config availability.
         Starting Apply the settings specified in cloud-config...
[[0;32m  OK  [0m] Started /etc/rc.local Compatibility.
[   38.889664] cloud-init[1143]: ci-info: |   lo   | True |          ::1/128           |       .       |  host |         .         |
[   38.976032] cloud-init[1143]: ci-info: | enp0s3 | True |         10.0.2.15          | 255.255.255.0 |   .   | 02:d0:b0:43:c2:9f |
[   38.990965] cloud-init[1143]: ci-info: | enp0s3 | True | fe80::d0:b0ff:fe43:c29f/64 |       .       |  link | 02:d0:b0:43:c2:9f |
[   38.999491] cloud-init[1143]: ci-info: +--------+------+----------------------------+---------------+-------+-------------------+
[   39.009735] cloud-init[1143]: ci-info: +++++++++++++++++++++++++++Route IPv4 info++++++++++++++++++++++++++++
[[0;32m  OK  [0m] Started OpenBSD Secure Shell server.
[[0;32m  OK  [0m] Started iSCSI initiator daemon (iscsid).
         Starting Login to default iSCSI targets...
[   39.011835] cloud-init[1143]: ci-info: +-------+-------------+----------+---------------+-----------+-------+
[   39.023540] cloud-init[1143]: ci-info: | Route | Destination | Gateway  |    Genmask    | Interface | Flags |
[   39.038187] cloud-init[1143]: ci-info: +-------+-------------+----------+---------------+-----------+-------+
[[   39.068621] cloud-init[1143]: ci-info: |   0   |   0.0.0.0   | 10.0.2.2 |    0.0.0.0    |   enp0s3  |   UG  |
[   39.068881] cloud-init[1143]: ci-info: |   1   |   10.0.2.0  | 0.0.0.0  | 255.255.255.0 |   enp0s3  |   U   |
[   39.068936] cloud-init[1143]: ci-info: +-------+-------------+----------+---------------+-----------+-------+
[0;32m  OK  [0m] Started Login to default iSCSI targets.
[[0;32m  OK  [0m] Reached target Remote File Systems (Pre).
[[0;32m  OK  [0m] Reached target Remote File Systems.
         Starting LSB: daemon to balance interrupts for SMP systems...
         Starting Permit User Sessions...
         Starting LSB: Start/stop sysstat's sadc...
         Starting LSB: automatic crash report generation...
         Starting LSB: VirtualBox Linux Additions...
         Starting LSB: Set the CPU Frequency Scaling governor to "ondemand"...
[[0;32m  OK  [0m] Started Permit User Sessions.
[[0;32m  OK  [0m] Started LSB: Start/stop sysstat's sadc.
         Starting Terminate Plymouth Boot Screen...
         Starting Hold until boot process finishes up...
[[0;32m  OK  [0m] Started LSB: daemon to balance interrupts for SMP systems.
[[0;32m  OK  [0m] Started LSB: Set the CPU Frequency Scaling governor to "ondemand".
[[0;32m  OK  [0m] Started Terminate Plymouth Boot Screen.
[[0;32m  OK  [0m] Started Hold until boot process finishes up.
[[0;32m  OK  [0m] Started Serial Getty on ttyS0.
         Starting Set console scheme...
[[0;32m  OK  [0m] Started Getty on tty1.
[[0;32m  OK  [0m] Reached target Login Prompts.
[[0;32m  OK  [0m] Started LSB: automatic crash report generation.
[[0;32m  OK  [0m] Started Set console scheme.
[[0;32m  OK  [0m] Started LSB: VirtualBox Linux Additions.
[[0;32m  OK  [0m] Reached target Multi-User System.
         Starting Notify bootloader that boot was successful...
[[0;32m  OK  [0m] Reached target Graphical Interface.
         Starting Update UTMP about System Runlevel Changes...
[[0;32m  OK  [0m] Started Update UTMP about System Runlevel Changes.
[[0;32m  OK  [0m] Started Notify bootloader that boot was successful.
[   39.937914] cloud-init[1209]: Cloud-init v. 0.7.8 running 'modules:config' at Thu, 01 Dec 2016 15:01:18 +0000. Up 39.75 seconds.
[[0;32m  OK  [0m] Started Apply the settings specified in cloud-config.
         Starting Execute cloud user/final scripts...
[   40.743241] cloud-init[1338]: Cloud-init v. 0.7.8 running 'modules:final' at Thu, 01 Dec 2016 15:01:19 +0000. Up 40.54 seconds.
[   40.746696] cloud-init[1338]: Cloud-init v. 0.7.8 finished at Thu, 01 Dec 2016 15:01:19 +0000. Datasource DataSourceNoCloud [seed=/dev/sdb][dsmode=net].  Up 40.72 seconds
[[0;32m  OK  [0m] Started Execute cloud user/final scripts.
[[0;32m  OK  [0m] Reached target Cloud-init target.
[[0;32m  OK  [0m] Started Daily apt activities.

Ubuntu 16.04.1 LTS experteese2 ttyS0

experteese2 login: [[0;32m  OK  [0m] Stopped e         Stopping FUSE filesystem for LXC...
         Stopping System Logging Service...
         Stopping LSB: automatic crash report generation...
         Stopping LSB: daemon to balance interrupts for SMP systems...
         Stopping Snappy daemon...
         Stopping Regular background program processing daemon...
         Stopping LSB: Set the CPU Frequency Scaling governor to "ondemand"...
         Stopping LXD - container startup/shutdown...
         Stopping LSB: MD monitoring daemon...
         Stopping OpenBSD Secure Shell server...
         Stopping LSB: VirtualBox Linux Additions...
         Stopping LSB: Record successful boot for GRUB...
         Stopping D-Bus System Message Bus...
         Stopping LSB: Start/stop sysstat's sadc...
         Stopping Deferred execution scheduler...
[[0;32m  OK  [0m] Stopped Apply the settings specified in cloud-config.
[[0;32m  OK  [0m] Stopped target Cloud-config availability.
[[0;32m  OK  [0m] Unmounted /var/lib/lxcfs.
[[0;32m  OK  [0m] Stopped Regular background program processing daemon.
[[0;32m  OK  [0m] Stopped Snappy daemon.
[[0;32m  OK  [0m] Stopped Deferred execution scheduler.
[[0;32m  OK  [0m] Stopped ACPI event daemon.
[[0;32m  OK  [0m] Stopped System Logging Service.
[[0;32m  OK  [0m] Stopped Accounts Service.
[[0;32m  OK  [0m] Stopped Authenticate and Authorize Users to Run Privileged Tasks.
[[0;32m  OK  [0m] Stopped OpenBSD Secure Shell server.
[[0;32m  OK  [0m] Stopped Serial Getty on ttyS0.
[[0;32m  OK  [0m] Stopped Getty on tty1.
[[0;32m  OK  [0m] Stopped User Manager for UID 1000.
[[0;32m  OK  [0m] Started Unattended Upgrades Shutdown.
[[0;32m  OK  [0m] Stopped Session 21 of user ubuntu.
[[0;32m  OK  [0m] Stopped D-Bus System Message Bus.
[[0;32m  OK  [0m] Stopped FUSE filesystem for LXC.
[[0;32m  OK  [0m] Stopped PostgreSQL Cluster 9.5-main.
[[0;32m  OK  [0m] Stopped LSB: daemon to balance interrupts for SMP systems.
[[0;32m  OK  [0m] Stopped LSB: Set the CPU Frequency Scaling governor to "ondemand".
[[0;32m  OK  [0m] Stopped LSB: automatic crash report generation.
[[0;32m  OK  [0m] Stopped LSB: MD monitoring daemon.
[[0;32m  OK  [0m] Stopped LXD - container startup/shutdown.
[[0;32m  OK  [0m] Stopped LSB: Record successful boot for GRUB.
[[0;32m  OK  [0m] Stopped LSB: VirtualBox Linux Additions.
[[0;32m  OK  [0m] Stopped LSB: Start/stop sysstat's sadc.
[[0;32m  OK  [0m] Removed slice system-postgresql.slice.
[[0;32m  OK  [0m] Removed slice User Slice of ubuntu.
         Stopping Login Service...
[[0;32m  OK  [0m] Removed slice system-getty.slice.
         Stopping Permit User Sessions...
[[0;32m  OK  [0m] Removed slice system-serial\x2dgetty.slice.
[[0;32m  OK  [0m] Stopped /etc/rc.local Compatibility.
[[0;32m  OK  [0m] Stopped Login Service.
[[0;32m  OK  [0m] Stopped Permit User Sessions.
[[0;32m  OK  [0m] Stopped target Remote File Systems.
[[0;32m  OK  [0m] Stopped target Remote File Systems (Pre).
         Stopping Login to default iSCSI targets...
[[0;32m  OK  [0m] Stopped target User and Group Name Lookups.
[[0;32m  OK  [0m] Stopped Login to default iSCSI targets.
         Stopping iSCSI initiator daemon (iscsid)...
[[0;32m  OK  [0m] Stopped iSCSI initiator daemon (iscsid).
[[0;32m  OK  [0m] Stopped target Network is Online.
[[0;32m  OK  [0m] Stopped Initial cloud-init job (metadata service crawler).
[[0;32m  OK  [0m] Stopped target Basic System.
[[0;32m  OK  [0m] Stopped target Slices.
[[0;32m  OK  [0m] Removed slice User and Session Slice.
[[0;32m  OK  [0m] Stopped target Paths.
[[0;32m  OK  [0m] Stopped Dispatch Password Requests to Console Directory Watch.
[[0;32m  OK  [0m] Stopped Forward Password Requests to Wall Directory Watch.
[[0;32m  OK  [0m] Stopped Trigger resolvconf update for networkd DNS.
[[0;32m  OK  [0m] Stopped ACPI Events Check.
[[0;32m  OK  [0m] Stopped target Sockets.
[[0;32m  OK  [0m] Closed LXD - unix socket.
[[0;32m  OK  [0m] Closed D-Bus System Message Bus Socket.
[[0;32m  OK  [0m] Closed ACPID Listen Socket.
[[0;32m  OK  [0m] Closed UUID daemon activation socket.
[[0;32m  OK  [0m] Closed Syslog Socket.
[[0;32m  OK  [0m] Closed Socket activation for snappy daemon.
[[0;32m  OK  [0m] Stopped target System Initialization.
         Stopping Load/Save Random Seed...
[[0;32m  OK  [0m] Stopped target Swap.
[[0;32m  OK  [0m] Stopped target Encrypted Volumes.
         Stopping Update UTMP about System Boot/Shutdown...
[[0;32m  OK  [0m] Stopped target Network.
         Stopping Raise network interfaces...
[[0;32m  OK  [0m] Stopped Load/Save Random Seed.
[[0;32m  OK  [0m] Stopped Update UTMP about System Boot/Shutdown.
[[0;32m  OK  [0m] Stopped Create Volatile Files and Directories.
[[0;32m  OK  [0m] Stopped Raise network interfaces.
[[0;32m  OK  [0m] Stopped Apply Kernel Variables.
[[0;32m  OK  [0m] Stopped Load Kernel Modules.
[[0;32m  OK  [0m] Stopped target Network (Pre).
[[0;32m  OK  [0m] Stopped Initial cloud-init job (pre-networking).
[[0;32m  OK  [0m] Stopped target Local File Systems.
         Unmounting /run/user/1000...
[[0;32m  OK  [0m] Unmounted /run/user/1000.
[[0;32m  OK  [0m] Reached target Unmount All Filesystems.
[[0;32m  OK  [0m] Stopped target Local File Systems (Pre).
         Stopping Monitoring of LVM2 mirrors... dmeventd or progress polling...
[[0;32m  OK  [0m] Stopped Create Static Device Nodes in /dev.
[[0;32m  OK  [0m] Stopped Remount Root and Kernel File Systems.
[[0;32m  OK  [0m] Reached target Shutdown.
[ 1705.248636] reboot: Power down
